<?xml version="1.0" encoding="UTF-8"?>
<testExecutions version="1">
  <file path="/home/tiagoboeing/code/personal/nestjs-graphql-schemafirst-docker-k8s/src/notifications/notifications.service.spec.ts">
    <testCase name="NotificationsService should be defined" duration="23"/>
  </file>
</testExecutions>